<?xml version="1.0" encoding="UTF-8"?>
<testsuite name="com.app.audiofocus.FormatDurationTest" tests="2" skipped="0" failures="0" errors="0" timestamp="2026-06-08T14:23:20.856Z" hostname="WINDOWS-9FG6RHD" time="0.002">
  <properties/>
  <testcase name="formatsShortDurationsAsMinutesSeconds" classname="com.app.audiofocus.FormatDurationTest" time="0.001"/>
  <testcase name="formatsLongDurationsAsHoursMinutesSeconds" classname="com.app.audiofocus.FormatDurationTest" time="0.001"/>
  <system-out><![CDATA[]]></system-out>
  <system-err><![CDATA[]]></system-err>
</testsuite>
